[17:43:48] [INIT] KubeJS 2001.6.5-build.16; MC 2001 forge
[17:43:48] [INIT] Loaded plugins:
[17:43:48] [INIT] - dev.latvian.mods.kubejs.forge.BuiltinKubeJSForgePlugin
[17:43:48] [INIT] - dev.latvian.kubejs.mekanism.MekanismKubeJSPlugin
[17:43:48] [INIT] - com.almostreliable.kubeio.kube.KubePlugin
[17:43:48] [INIT] - io.github.mortuusars.exposure.integration.kubejs.ExposureJSPlugin
[17:43:48] [INIT] - dev.ftb.mods.ftbxmodcompat.ftbquests.kubejs.KubeJSIntegration
[17:43:48] [INIT] - dev.ftb.mods.ftbxmodcompat.ftbteams.kubejs.FTBTeamsKubeJSPlugin
[17:43:48] [INIT] - qinomed.kubejsdelight.KubeJSDelightPlugin
[17:43:48] [INIT] - com.almostreliable.lootjs.kube.LootJSPlugin
[17:43:48] [INIT] - com.sunekaer.sdrp.integration.kubejs.SDRPKubeJSIntegration
[17:43:48] [INIT] - dev.latvian.mods.kubejs.thermal.KubeJSThermalPlugin
[17:43:48] [INIT] - com.prunoideae.KubeJSBotaniaPlugin
[17:43:48] [INIT] - dev.latvian.mods.kubejs.create.KubeJSCreatePlugin
[17:43:48] [INIT] - snownee.lychee.compat.kubejs.LycheeKubeJSPlugin
[17:43:49] [INFO] Loaded script startup_scripts:environment.js in 0.118 s
[17:43:49] [INFO] Loaded script startup_scripts:pool_init.js in 0.017 s
[17:43:50] [INFO] Loaded script startup_scripts:init.js in 0.074 s
[17:43:50] [INFO] Loaded script startup_scripts:block_modification.js in 0.012 s
[17:43:50] [INFO] Loaded script startup_scripts:emissive_textures.js in 0.001 s
[17:43:50] [INFO] Loaded 5/5 KubeJS startup scripts in 0.971 s with 0 errors and 0 warnings
[17:43:50] [WARN] pool_init.js#13: blockBuilder.material(string) is no longer supported! Use .soundType(SoundType) and .mapColor(MapColor) instead!
[17:43:50] [WARN] pool_init.js#20: blockBuilder.material(string) is no longer supported! Use .soundType(SoundType) and .mapColor(MapColor) instead!
[17:43:50] [WARN] pool_init.js#26: blockBuilder.material(string) is no longer supported! Use .soundType(SoundType) and .mapColor(MapColor) instead!
[17:43:50] [WARN] pool_init.js#32: blockBuilder.material(string) is no longer supported! Use .soundType(SoundType) and .mapColor(MapColor) instead!
[17:43:50] [WARN] pool_init.js#40: blockBuilder.material(string) is no longer supported! Use .soundType(SoundType) and .mapColor(MapColor) instead!
[17:43:50] [WARN] pool_init.js#58: blockBuilder.material(string) is no longer supported! Use .soundType(SoundType) and .mapColor(MapColor) instead!
[17:43:50] [WARN] init.js#13: blockBuilder.material(string) is no longer supported! Use .soundType(SoundType) and .mapColor(MapColor) instead!
[17:43:50] [WARN] init.js#13: blockBuilder.material(string) is no longer supported! Use .soundType(SoundType) and .mapColor(MapColor) instead!
[17:43:50] [WARN] init.js#13: blockBuilder.material(string) is no longer supported! Use .soundType(SoundType) and .mapColor(MapColor) instead!
[17:43:50] [WARN] init.js#13: blockBuilder.material(string) is no longer supported! Use .soundType(SoundType) and .mapColor(MapColor) instead!
[17:43:50] [WARN] init.js#13: blockBuilder.material(string) is no longer supported! Use .soundType(SoundType) and .mapColor(MapColor) instead!
[17:43:50] [WARN] init.js#13: blockBuilder.material(string) is no longer supported! Use .soundType(SoundType) and .mapColor(MapColor) instead!
[17:43:50] [WARN] init.js#13: blockBuilder.material(string) is no longer supported! Use .soundType(SoundType) and .mapColor(MapColor) instead!
[17:43:50] [WARN] init.js#32: blockBuilder.material(string) is no longer supported! Use .soundType(SoundType) and .mapColor(MapColor) instead!
[17:43:50] [WARN] init.js#40: blockBuilder.material(string) is no longer supported! Use .soundType(SoundType) and .mapColor(MapColor) instead!
[17:43:50] [WARN] init.js#47: blockBuilder.material(string) is no longer supported! Use .soundType(SoundType) and .mapColor(MapColor) instead!
[17:43:50] [WARN] init.js#54: blockBuilder.material(string) is no longer supported! Use .soundType(SoundType) and .mapColor(MapColor) instead!
[17:43:50] [WARN] init.js#62: blockBuilder.material(string) is no longer supported! Use .soundType(SoundType) and .mapColor(MapColor) instead!
[17:43:50] [WARN] init.js#79: blockBuilder.material(string) is no longer supported! Use .soundType(SoundType) and .mapColor(MapColor) instead!
[17:43:50] [WARN] init.js#88: blockBuilder.material(string) is no longer supported! Use .soundType(SoundType) and .mapColor(MapColor) instead!
[17:43:50] [WARN] init.js#94: blockBuilder.material(string) is no longer supported! Use .soundType(SoundType) and .mapColor(MapColor) instead!
[17:43:50] [WARN] init.js#101: blockBuilder.material(string) is no longer supported! Use .soundType(SoundType) and .mapColor(MapColor) instead!
[17:43:50] [WARN] init.js#107: blockBuilder.material(string) is no longer supported! Use .soundType(SoundType) and .mapColor(MapColor) instead!
[17:43:50] [WARN] init.js#116: blockBuilder.material(string) is no longer supported! Use .soundType(SoundType) and .mapColor(MapColor) instead!
[17:43:50] [WARN] init.js#122: blockBuilder.material(string) is no longer supported! Use .soundType(SoundType) and .mapColor(MapColor) instead!
[17:43:50] [WARN] init.js#129: blockBuilder.material(string) is no longer supported! Use .soundType(SoundType) and .mapColor(MapColor) instead!
[17:43:50] [WARN] init.js#156: blockBuilder.material(string) is no longer supported! Use .soundType(SoundType) and .mapColor(MapColor) instead!
[17:43:50] [WARN] init.js#162: blockBuilder.material(string) is no longer supported! Use .soundType(SoundType) and .mapColor(MapColor) instead!
[17:43:50] [WARN] init.js#172: blockBuilder.material(string) is no longer supported! Use .soundType(SoundType) and .mapColor(MapColor) instead!
[17:43:50] [WARN] init.js#178: blockBuilder.material(string) is no longer supported! Use .soundType(SoundType) and .mapColor(MapColor) instead!
[17:43:50] [WARN] init.js#185: blockBuilder.material(string) is no longer supported! Use .soundType(SoundType) and .mapColor(MapColor) instead!
[17:43:50] [WARN] init.js#193: blockBuilder.material(string) is no longer supported! Use .soundType(SoundType) and .mapColor(MapColor) instead!
[17:43:50] [WARN] init.js#199: blockBuilder.material(string) is no longer supported! Use .soundType(SoundType) and .mapColor(MapColor) instead!
[17:43:50] [WARN] init.js#205: blockBuilder.material(string) is no longer supported! Use .soundType(SoundType) and .mapColor(MapColor) instead!
[17:43:50] [WARN] init.js#210: blockBuilder.material(string) is no longer supported! Use .soundType(SoundType) and .mapColor(MapColor) instead!
[17:43:50] [WARN] init.js#218: blockBuilder.material(string) is no longer supported! Use .soundType(SoundType) and .mapColor(MapColor) instead!
[17:43:50] [WARN] init.js#227: blockBuilder.material(string) is no longer supported! Use .soundType(SoundType) and .mapColor(MapColor) instead!
[17:43:50] [WARN] init.js#236: blockBuilder.material(string) is no longer supported! Use .soundType(SoundType) and .mapColor(MapColor) instead!
[17:43:50] [WARN] init.js#245: blockBuilder.material(string) is no longer supported! Use .soundType(SoundType) and .mapColor(MapColor) instead!
[17:43:50] [WARN] init.js#251: blockBuilder.material(string) is no longer supported! Use .soundType(SoundType) and .mapColor(MapColor) instead!
[17:43:50] [WARN] init.js#259: blockBuilder.material(string) is no longer supported! Use .soundType(SoundType) and .mapColor(MapColor) instead!
[17:43:50] [WARN] init.js#268: blockBuilder.material(string) is no longer supported! Use .soundType(SoundType) and .mapColor(MapColor) instead!
[17:43:50] [WARN] init.js#274: blockBuilder.material(string) is no longer supported! Use .soundType(SoundType) and .mapColor(MapColor) instead!
[17:43:50] [WARN] init.js#280: blockBuilder.material(string) is no longer supported! Use .soundType(SoundType) and .mapColor(MapColor) instead!
[17:43:50] [WARN] init.js#289: blockBuilder.material(string) is no longer supported! Use .soundType(SoundType) and .mapColor(MapColor) instead!
[17:43:50] [WARN] init.js#302: blockBuilder.material(string) is no longer supported! Use .soundType(SoundType) and .mapColor(MapColor) instead!
[17:43:50] [WARN] init.js#322: blockBuilder.material(string) is no longer supported! Use .soundType(SoundType) and .mapColor(MapColor) instead!
[17:43:50] [WARN] init.js#341: blockBuilder.material(string) is no longer supported! Use .soundType(SoundType) and .mapColor(MapColor) instead!
[17:43:50] [WARN] init.js#347: blockBuilder.material(string) is no longer supported! Use .soundType(SoundType) and .mapColor(MapColor) instead!
[17:43:50] [WARN] init.js#357: blockBuilder.material(string) is no longer supported! Use .soundType(SoundType) and .mapColor(MapColor) instead!
[17:43:50] [WARN] init.js#363: blockBuilder.material(string) is no longer supported! Use .soundType(SoundType) and .mapColor(MapColor) instead!
[17:43:50] [WARN] init.js#369: blockBuilder.material(string) is no longer supported! Use .soundType(SoundType) and .mapColor(MapColor) instead!
[17:43:50] [WARN] init.js#375: blockBuilder.material(string) is no longer supported! Use .soundType(SoundType) and .mapColor(MapColor) instead!
[17:43:50] [WARN] init.js#388: blockBuilder.material(string) is no longer supported! Use .soundType(SoundType) and .mapColor(MapColor) instead!
[17:43:50] [WARN] init.js#426: blockBuilder.material(string) is no longer supported! Use .soundType(SoundType) and .mapColor(MapColor) instead!
[17:43:50] [WARN] init.js#467: blockBuilder.material(string) is no longer supported! Use .soundType(SoundType) and .mapColor(MapColor) instead!
[17:43:50] [WARN] init.js#523: blockBuilder.material(string) is no longer supported! Use .soundType(SoundType) and .mapColor(MapColor) instead!
[17:43:50] [WARN] init.js#523: blockBuilder.material(string) is no longer supported! Use .soundType(SoundType) and .mapColor(MapColor) instead!
[17:43:50] [WARN] init.js#523: blockBuilder.material(string) is no longer supported! Use .soundType(SoundType) and .mapColor(MapColor) instead!
[17:43:50] [WARN] init.js#523: blockBuilder.material(string) is no longer supported! Use .soundType(SoundType) and .mapColor(MapColor) instead!
[17:43:50] [WARN] init.js#523: blockBuilder.material(string) is no longer supported! Use .soundType(SoundType) and .mapColor(MapColor) instead!
[17:43:50] [WARN] init.js#523: blockBuilder.material(string) is no longer supported! Use .soundType(SoundType) and .mapColor(MapColor) instead!
[17:43:50] [WARN] init.js#523: blockBuilder.material(string) is no longer supported! Use .soundType(SoundType) and .mapColor(MapColor) instead!
[17:43:50] [WARN] init.js#523: blockBuilder.material(string) is no longer supported! Use .soundType(SoundType) and .mapColor(MapColor) instead!
[17:43:50] [WARN] init.js#523: blockBuilder.material(string) is no longer supported! Use .soundType(SoundType) and .mapColor(MapColor) instead!
[17:43:50] [WARN] init.js#523: blockBuilder.material(string) is no longer supported! Use .soundType(SoundType) and .mapColor(MapColor) instead!
[17:43:50] [WARN] init.js#523: blockBuilder.material(string) is no longer supported! Use .soundType(SoundType) and .mapColor(MapColor) instead!
[17:43:50] [WARN] init.js#523: blockBuilder.material(string) is no longer supported! Use .soundType(SoundType) and .mapColor(MapColor) instead!
[17:43:50] [WARN] init.js#523: blockBuilder.material(string) is no longer supported! Use .soundType(SoundType) and .mapColor(MapColor) instead!
[17:43:50] [WARN] init.js#523: blockBuilder.material(string) is no longer supported! Use .soundType(SoundType) and .mapColor(MapColor) instead!
[17:43:50] [WARN] init.js#523: blockBuilder.material(string) is no longer supported! Use .soundType(SoundType) and .mapColor(MapColor) instead!
[17:43:50] [WARN] init.js#523: blockBuilder.material(string) is no longer supported! Use .soundType(SoundType) and .mapColor(MapColor) instead!
[17:43:50] [WARN] init.js#523: blockBuilder.material(string) is no longer supported! Use .soundType(SoundType) and .mapColor(MapColor) instead!
[17:43:50] [WARN] init.js#523: blockBuilder.material(string) is no longer supported! Use .soundType(SoundType) and .mapColor(MapColor) instead!
[17:43:50] [WARN] init.js#523: blockBuilder.material(string) is no longer supported! Use .soundType(SoundType) and .mapColor(MapColor) instead!
[17:43:50] [WARN] init.js#523: blockBuilder.material(string) is no longer supported! Use .soundType(SoundType) and .mapColor(MapColor) instead!
[17:43:50] [WARN] init.js#523: blockBuilder.material(string) is no longer supported! Use .soundType(SoundType) and .mapColor(MapColor) instead!
[17:43:50] [WARN] init.js#523: blockBuilder.material(string) is no longer supported! Use .soundType(SoundType) and .mapColor(MapColor) instead!
[17:43:50] [WARN] init.js#523: blockBuilder.material(string) is no longer supported! Use .soundType(SoundType) and .mapColor(MapColor) instead!
[17:43:50] [WARN] init.js#584: blockBuilder.material(string) is no longer supported! Use .soundType(SoundType) and .mapColor(MapColor) instead!
[17:43:50] [WARN] init.js#589: blockBuilder.material(string) is no longer supported! Use .soundType(SoundType) and .mapColor(MapColor) instead!
[17:43:50] [WARN] init.js#598: blockBuilder.material(string) is no longer supported! Use .soundType(SoundType) and .mapColor(MapColor) instead!
[17:43:50] [WARN] init.js#605: blockBuilder.material(string) is no longer supported! Use .soundType(SoundType) and .mapColor(MapColor) instead!
[17:43:50] [WARN] init.js#613: blockBuilder.material(string) is no longer supported! Use .soundType(SoundType) and .mapColor(MapColor) instead!
[17:43:50] [WARN] init.js#623: blockBuilder.material(string) is no longer supported! Use .soundType(SoundType) and .mapColor(MapColor) instead!
[17:43:50] [WARN] init.js#644: blockBuilder.material(string) is no longer supported! Use .soundType(SoundType) and .mapColor(MapColor) instead!
[17:43:50] [WARN] init.js#662: blockBuilder.material(string) is no longer supported! Use .soundType(SoundType) and .mapColor(MapColor) instead!
[17:43:50] [WARN] init.js#675: blockBuilder.material(string) is no longer supported! Use .soundType(SoundType) and .mapColor(MapColor) instead!
[17:43:50] [WARN] init.js#688: blockBuilder.material(string) is no longer supported! Use .soundType(SoundType) and .mapColor(MapColor) instead!
[17:43:50] [WARN] init.js#703: blockBuilder.material(string) is no longer supported! Use .soundType(SoundType) and .mapColor(MapColor) instead!
[17:43:50] [WARN] init.js#725: blockBuilder.material(string) is no longer supported! Use .soundType(SoundType) and .mapColor(MapColor) instead!
[17:43:50] [WARN] init.js#758: blockBuilder.material(string) is no longer supported! Use .soundType(SoundType) and .mapColor(MapColor) instead!
[17:43:50] [WARN] init.js#795: blockBuilder.material(string) is no longer supported! Use .soundType(SoundType) and .mapColor(MapColor) instead!
[17:43:50] [WARN] init.js#802: blockBuilder.material(string) is no longer supported! Use .soundType(SoundType) and .mapColor(MapColor) instead!
[17:43:50] [WARN] init.js#808: blockBuilder.material(string) is no longer supported! Use .soundType(SoundType) and .mapColor(MapColor) instead!
[17:43:50] [WARN] init.js#814: blockBuilder.material(string) is no longer supported! Use .soundType(SoundType) and .mapColor(MapColor) instead!
[17:43:50] [WARN] init.js#820: blockBuilder.material(string) is no longer supported! Use .soundType(SoundType) and .mapColor(MapColor) instead!
[17:43:50] [WARN] init.js#827: blockBuilder.material(string) is no longer supported! Use .soundType(SoundType) and .mapColor(MapColor) instead!
[17:43:50] [WARN] init.js#843: blockBuilder.material(string) is no longer supported! Use .soundType(SoundType) and .mapColor(MapColor) instead!
